# JRE version: OpenJDK Runtime Environment Temurin-21.0.10+7 (21.0.10+7) (build 21.0.10+7-LTS)
# Java VM: OpenJDK 64-Bit Server VM Temurin-21.0.10+7 (21.0.10+7-LTS, mixed mode, sharing, tiered, compressed oops, compressed class ptrs, parallel gc, windows-amd64)
GC Precious Log:
 CardTable entry size: 512
 CPUs: 12 total, 12 available
 Memory: 15499M
 Large Page Support: Disabled
 NUMA Support: Disabled
 Compressed Oops: Enabled (32-bit)
 Alignments: Space 512K, Generation 512K, Heap 2M
 Heap Min Capacity: 100M
 Heap Initial Capacity: 100M
 Heap Max Capacity: 2G
 Pre-touch: Disabled
 Parallel Workers: 10
Heap:
 PSYoungGen      total 9216K, used 8524K [0x00000000d5580000, 0x00000000d6280000, 0x0000000100000000)
  eden space 8192K, 99% used [0x00000000d5580000,0x00000000d5d6f268,0x00000000d5d80000)
  from space 1024K, 39% used [0x00000000d6080000,0x00000000d60e4010,0x00000000d6180000)
  to   space 512K, 0% used [0x00000000d6200000,0x00000000d6200000,0x00000000d6280000)
 ParOldGen       total 101376K, used 76590K [0x0000000080000000, 0x0000000086300000, 0x00000000d5580000)
  object space 101376K, 75% used [0x0000000080000000,0x0000000084acb8a0,0x0000000086300000)
 Metaspace       used 87867K, committed 89472K, reserved 1179648K
  class space    used 9205K, committed 9984K, reserved 1048576K
GC Heap History (20 events):
Event: 7151.962 GC heap before
{Heap before GC invocations=166 (full 4):
 PSYoungGen      total 9216K, used 8576K [0x00000000d5580000, 0x00000000d6300000, 0x0000000100000000)
  eden space 8192K, 100% used [0x00000000d5580000,0x00000000d5d80000,0x00000000d5d80000)
  from space 1024K, 37% used [0x00000000d6100000,0x00000000d6160000,0x00000000d6200000)
  to   space 512K, 0% used [0x00000000d6280000,0x00000000d6280000,0x00000000d6300000)
 ParOldGen       total 101376K, used 70825K [0x0000000080000000, 0x0000000086300000, 0x00000000d5580000)
  object space 101376K, 69% used [0x0000000080000000,0x000000008452a620,0x0000000086300000)
 Metaspace       used 87620K, committed 89280K, reserved 1179648K
  class space    used 9205K, committed 9984K, reserved 1048576K
}
Event: 7151.962 GC heap after
{Heap after GC invocations=166 (full 4):
 PSYoungGen      total 8704K, used 496K [0x00000000d5580000, 0x00000000d6300000, 0x0000000100000000)
  eden space 8192K, 0% used [0x00000000d5580000,0x00000000d5580000,0x00000000d5d80000)
  from space 512K, 96% used [0x00000000d6280000,0x00000000d62fc010,0x00000000d6300000)
  to   space 1024K, 0% used [0x00000000d6100000,0x00000000d6100000,0x00000000d6200000)
 ParOldGen       total 101376K, used 71072K [0x0000000080000000, 0x0000000086300000, 0x00000000d5580000)
  object space 101376K, 70% used [0x0000000080000000,0x00000000845681c0,0x0000000086300000)
 Metaspace       used 87620K, committed 89280K, reserved 1179648K
  class space    used 9205K, committed 9984K, reserved 1048576K
}
Event: 7151.979 GC heap before
{Heap before GC invocations=167 (full 4):
 PSYoungGen      total 8704K, used 8688K [0x00000000d5580000, 0x00000000d6300000, 0x0000000100000000)
  eden space 8192K, 100% used [0x00000000d5580000,0x00000000d5d80000,0x00000000d5d80000)
  from space 512K, 96% used [0x00000000d6280000,0x00000000d62fc010,0x00000000d6300000)
  to   space 1024K, 0% used [0x00000000d6100000,0x00000000d6100000,0x00000000d6200000)
 ParOldGen       total 101376K, used 71072K [0x0000000080000000, 0x0000000086300000, 0x00000000d5580000)
  object space 101376K, 70% used [0x0000000080000000,0x00000000845681c0,0x0000000086300000)
 Metaspace       used 87620K, committed 89280K, reserved 1179648K
  class space    used 9205K, committed 9984K, reserved 1048576K
}
Event: 7151.980 GC heap after
{Heap after GC invocations=167 (full 4):
 PSYoungGen      total 9216K, used 1018K [0x00000000d5580000, 0x00000000d6380000, 0x0000000100000000)
  eden space 8192K, 0% used [0x00000000d5580000,0x00000000d5580000,0x00000000d5d80000)
  from space 1024K, 99% used [0x00000000d6100000,0x00000000d61febe0,0x00000000d6200000)
  to   space 1536K, 0% used [0x00000000d6200000,0x00000000d6200000,0x00000000d6380000)
 ParOldGen       total 101376K, used 72538K [0x0000000080000000, 0x0000000086300000, 0x00000000d5580000)
  object space 101376K, 71% used [0x0000000080000000,0x00000000846d6ad0,0x0000000086300000)
 Metaspace       used 87620K, committed 89280K, reserved 1179648K
  class space    used 9205K, committed 9984K, reserved 1048576K
}
Event: 7226.164 GC heap before
{Heap before GC invocations=168 (full 4):
 PSYoungGen      total 9216K, used 9210K [0x00000000d5580000, 0x00000000d6380000, 0x0000000100000000)
  eden space 8192K, 100% used [0x00000000d5580000,0x00000000d5d80000,0x00000000d5d80000)
  from space 1024K, 99% used [0x00000000d6100000,0x00000000d61febe0,0x00000000d6200000)
  to   space 1536K, 0% used [0x00000000d6200000,0x00000000d6200000,0x00000000d6380000)
 ParOldGen       total 101376K, used 72538K [0x0000000080000000, 0x0000000086300000, 0x00000000d5580000)
  object space 101376K, 71% used [0x0000000080000000,0x00000000846d6ad0,0x0000000086300000)
 Metaspace       used 87627K, committed 89280K, reserved 1179648K
  class space    used 9205K, committed 9984K, reserved 1048576K
}
Event: 7226.165 GC heap after
{Heap after GC invocations=168 (full 4):
 PSYoungGen      total 8704K, used 416K [0x00000000d5580000, 0x00000000d6280000, 0x0000000100000000)
  eden space 8192K, 0% used [0x00000000d5580000,0x00000000d5580000,0x00000000d5d80000)
  from space 512K, 81% used [0x00000000d6200000,0x00000000d6268020,0x00000000d6280000)
  to   space 1536K, 0% used [0x00000000d5f80000,0x00000000d5f80000,0x00000000d6100000)
 ParOldGen       total 101376K, used 72602K [0x0000000080000000, 0x0000000086300000, 0x00000000d5580000)
  object space 101376K, 71% used [0x0000000080000000,0x00000000846e6ad0,0x0000000086300000)
 Metaspace       used 87627K, committed 89280K, reserved 1179648K
  class space    used 9205K, committed 9984K, reserved 1048576K
}
Event: 7289.268 GC heap before
{Heap before GC invocations=169 (full 4):
 PSYoungGen      total 8704K, used 8608K [0x00000000d5580000, 0x00000000d6280000, 0x0000000100000000)
  eden space 8192K, 100% used [0x00000000d5580000,0x00000000d5d80000,0x00000000d5d80000)
  from space 512K, 81% used [0x00000000d6200000,0x00000000d6268020,0x00000000d6280000)
  to   space 1536K, 0% used [0x00000000d5f80000,0x00000000d5f80000,0x00000000d6100000)
 ParOldGen       total 101376K, used 72602K [0x0000000080000000, 0x0000000086300000, 0x00000000d5580000)
  object space 101376K, 71% used [0x0000000080000000,0x00000000846e6ad0,0x0000000086300000)
 Metaspace       used 87651K, committed 89280K, reserved 1179648K
  class space    used 9205K, committed 9984K, reserved 1048576K
}
Event: 7289.269 GC heap after
{Heap after GC invocations=169 (full 4):
 PSYoungGen      total 9728K, used 1515K [0x00000000d5580000, 0x00000000d6780000, 0x0000000100000000)
  eden space 8192K, 0% used [0x00000000d5580000,0x00000000d5580000,0x00000000d5d80000)
  from space 1536K, 98% used [0x00000000d5f80000,0x00000000d60fae60,0x00000000d6100000)
  to   space 5120K, 0% used [0x00000000d6280000,0x00000000d6280000,0x00000000d6780000)
 ParOldGen       total 101376K, used 75354K [0x0000000080000000, 0x0000000086300000, 0x00000000d5580000)
  object space 101376K, 74% used [0x0000000080000000,0x0000000084996af0,0x0000000086300000)
 Metaspace       used 87651K, committed 89280K, reserved 1179648K
  class space    used 9205K, committed 9984K, reserved 1048576K
}
Event: 7289.421 GC heap before
{Heap before GC invocations=170 (full 4):
 PSYoungGen      total 9728K, used 7941K [0x00000000d5580000, 0x00000000d6780000, 0x0000000100000000)
  eden space 8192K, 78% used [0x00000000d5580000,0x00000000d5bc67c0,0x00000000d5d80000)
  from space 1536K, 98% used [0x00000000d5f80000,0x00000000d60fae60,0x00000000d6100000)
  to   space 5120K, 0% used [0x00000000d6280000,0x00000000d6280000,0x00000000d6780000)
 ParOldGen       total 101376K, used 75354K [0x0000000080000000, 0x0000000086300000, 0x00000000d5580000)
  object space 101376K, 74% used [0x0000000080000000,0x0000000084996af0,0x0000000086300000)
 Metaspace       used 87653K, committed 89280K, reserved 1179648K
  class space    used 9205K, committed 9984K, reserved 1048576K
}
Event: 7289.422 GC heap after
{Heap after GC invocations=170 (full 4):
 PSYoungGen      total 8704K, used 359K [0x00000000d5580000, 0x00000000d6300000, 0x0000000100000000)
  eden space 8192K, 0% used [0x00000000d5580000,0x00000000d5580000,0x00000000d5d80000)
  from space 512K, 70% used [0x00000000d6280000,0x00000000d62d9d90,0x00000000d6300000)
  to   space 2048K, 0% used [0x00000000d5f00000,0x00000000d5f00000,0x00000000d6100000)
 ParOldGen       total 101376K, used 75493K [0x0000000080000000, 0x0000000086300000, 0x00000000d5580000)
  object space 101376K, 74% used [0x0000000080000000,0x00000000849b9410,0x0000000086300000)
 Metaspace       used 87653K, committed 89280K, reserved 1179648K
  class space    used 9205K, committed 9984K, reserved 1048576K
}
Event: 7293.278 GC heap before
{Heap before GC invocations=171 (full 4):
 PSYoungGen      total 8704K, used 8551K [0x00000000d5580000, 0x00000000d6300000, 0x0000000100000000)
  eden space 8192K, 99% used [0x00000000d5580000,0x00000000d5d7ffe8,0x00000000d5d80000)
  from space 512K, 70% used [0x00000000d6280000,0x00000000d62d9d90,0x00000000d6300000)
  to   space 2048K, 0% used [0x00000000d5f00000,0x00000000d5f00000,0x00000000d6100000)
 ParOldGen       total 101376K, used 75493K [0x0000000080000000, 0x0000000086300000, 0x00000000d5580000)
  object space 101376K, 74% used [0x0000000080000000,0x00000000849b9410,0x0000000086300000)
 Metaspace       used 87693K, committed 89344K, reserved 1179648K
  class space    used 9205K, committed 9984K, reserved 1048576K
}
Event: 7293.278 GC heap after
{Heap after GC invocations=171 (full 4):
 PSYoungGen      total 10240K, used 496K [0x00000000d5580000, 0x00000000d6300000, 0x0000000100000000)
  eden space 8192K, 0% used [0x00000000d5580000,0x00000000d5580000,0x00000000d5d80000)
  from space 2048K, 24% used [0x00000000d5f00000,0x00000000d5f7c050,0x00000000d6100000)
  to   space 1024K, 0% used [0x00000000d6200000,0x00000000d6200000,0x00000000d6300000)
 ParOldGen       total 101376K, used 75541K [0x0000000080000000, 0x0000000086300000, 0x00000000d5580000)
  object space 101376K, 74% used [0x0000000080000000,0x00000000849c5410,0x0000000086300000)
 Metaspace       used 87693K, committed 89344K, reserved 1179648K
  class space    used 9205K, committed 9984K, reserved 1048576K
}
Event: 7301.897 GC heap before
{Heap before GC invocations=172 (full 4):
 PSYoungGen      total 10240K, used 8688K [0x00000000d5580000, 0x00000000d6300000, 0x0000000100000000)
  eden space 8192K, 100% used [0x00000000d5580000,0x00000000d5d80000,0x00000000d5d80000)
  from space 2048K, 24% used [0x00000000d5f00000,0x00000000d5f7c050,0x00000000d6100000)
  to   space 1024K, 0% used [0x00000000d6200000,0x00000000d6200000,0x00000000d6300000)
 ParOldGen       total 101376K, used 75541K [0x0000000080000000, 0x0000000086300000, 0x00000000d5580000)
  object space 101376K, 74% used [0x0000000080000000,0x00000000849c5410,0x0000000086300000)
 Metaspace       used 87760K, committed 89408K, reserved 1179648K
  class space    used 9205K, committed 9984K, reserved 1048576K
}
Event: 7301.898 GC heap after
{Heap after GC invocations=172 (full 4):
 PSYoungGen      total 8704K, used 320K [0x00000000d5580000, 0x00000000d6280000, 0x0000000100000000)
  eden space 8192K, 0% used [0x00000000d5580000,0x00000000d5580000,0x00000000d5d80000)
  from space 512K, 62% used [0x00000000d6200000,0x00000000d6250000,0x00000000d6280000)
  to   space 512K, 0% used [0x00000000d6180000,0x00000000d6180000,0x00000000d6200000)
 ParOldGen       total 101376K, used 75741K [0x0000000080000000, 0x0000000086300000, 0x00000000d5580000)
  object space 101376K, 74% used [0x0000000080000000,0x00000000849f7450,0x0000000086300000)
 Metaspace       used 87760K, committed 89408K, reserved 1179648K
  class space    used 9205K, committed 9984K, reserved 1048576K
}
Event: 7305.290 GC heap before
{Heap before GC invocations=173 (full 4):
 PSYoungGen      total 8704K, used 8512K [0x00000000d5580000, 0x00000000d6280000, 0x0000000100000000)
  eden space 8192K, 100% used [0x00000000d5580000,0x00000000d5d80000,0x00000000d5d80000)
  from space 512K, 62% used [0x00000000d6200000,0x00000000d6250000,0x00000000d6280000)
  to   space 512K, 0% used [0x00000000d6180000,0x00000000d6180000,0x00000000d6200000)
 ParOldGen       total 101376K, used 75741K [0x0000000080000000, 0x0000000086300000, 0x00000000d5580000)
  object space 101376K, 74% used [0x0000000080000000,0x00000000849f7450,0x0000000086300000)
 Metaspace       used 87789K, committed 89472K, reserved 1179648K
  class space    used 9205K, committed 9984K, reserved 1048576K
}
Event: 7305.291 GC heap after
{Heap after GC invocations=173 (full 4):
 PSYoungGen      total 8704K, used 512K [0x00000000d5580000, 0x00000000d6280000, 0x0000000100000000)
  eden space 8192K, 0% used [0x00000000d5580000,0x00000000d5580000,0x00000000d5d80000)
  from space 512K, 100% used [0x00000000d6180000,0x00000000d6200000,0x00000000d6200000)
  to   space 512K, 0% used [0x00000000d6200000,0x00000000d6200000,0x00000000d6280000)
 ParOldGen       total 101376K, used 76085K [0x0000000080000000, 0x0000000086300000, 0x00000000d5580000)
  object space 101376K, 75% used [0x0000000080000000,0x0000000084a4d410,0x0000000086300000)
 Metaspace       used 87789K, committed 89472K, reserved 1179648K
  class space    used 9205K, committed 9984K, reserved 1048576K
}
Event: 7315.221 GC heap before
{Heap before GC invocations=174 (full 4):
 PSYoungGen      total 8704K, used 8704K [0x00000000d5580000, 0x00000000d6280000, 0x0000000100000000)
  eden space 8192K, 100% used [0x00000000d5580000,0x00000000d5d80000,0x00000000d5d80000)
  from space 512K, 100% used [0x00000000d6180000,0x00000000d6200000,0x00000000d6200000)
  to   space 512K, 0% used [0x00000000d6200000,0x00000000d6200000,0x00000000d6280000)
 ParOldGen       total 101376K, used 76085K [0x0000000080000000, 0x0000000086300000, 0x00000000d5580000)
  object space 101376K, 75% used [0x0000000080000000,0x0000000084a4d410,0x0000000086300000)
 Metaspace       used 87815K, committed 89472K, reserved 1179648K
  class space    used 9205K, committed 9984K, reserved 1048576K
}
Event: 7315.221 GC heap after
{Heap after GC invocations=174 (full 4):
 PSYoungGen      total 8704K, used 464K [0x00000000d5580000, 0x00000000d6280000, 0x0000000100000000)
  eden space 8192K, 0% used [0x00000000d5580000,0x00000000d5580000,0x00000000d5d80000)
  from space 512K, 90% used [0x00000000d6200000,0x00000000d6274010,0x00000000d6280000)
  to   space 1024K, 0% used [0x00000000d6080000,0x00000000d6080000,0x00000000d6180000)
 ParOldGen       total 101376K, used 76454K [0x0000000080000000, 0x0000000086300000, 0x00000000d5580000)
  object space 101376K, 75% used [0x0000000080000000,0x0000000084aa98a0,0x0000000086300000)
 Metaspace       used 87815K, committed 89472K, reserved 1179648K
  class space    used 9205K, committed 9984K, reserved 1048576K
}
Event: 7321.476 GC heap before
{Heap before GC invocations=175 (full 4):
 PSYoungGen      total 8704K, used 8656K [0x00000000d5580000, 0x00000000d6280000, 0x0000000100000000)
  eden space 8192K, 100% used [0x00000000d5580000,0x00000000d5d80000,0x00000000d5d80000)
  from space 512K, 90% used [0x00000000d6200000,0x00000000d6274010,0x00000000d6280000)
  to   space 1024K, 0% used [0x00000000d6080000,0x00000000d6080000,0x00000000d6180000)
 ParOldGen       total 101376K, used 76454K [0x0000000080000000, 0x0000000086300000, 0x00000000d5580000)
  object space 101376K, 75% used [0x0000000080000000,0x0000000084aa98a0,0x0000000086300000)
 Metaspace       used 87843K, committed 89472K, reserved 1179648K
  class space    used 9205K, committed 9984K, reserved 1048576K
}
Event: 7321.477 GC heap after
{Heap after GC invocations=175 (full 4):
 PSYoungGen      total 9216K, used 400K [0x00000000d5580000, 0x00000000d6280000, 0x0000000100000000)
  eden space 8192K, 0% used [0x00000000d5580000,0x00000000d5580000,0x00000000d5d80000)
  from space 1024K, 39% used [0x00000000d6080000,0x00000000d60e4010,0x00000000d6180000)
  to   space 512K, 0% used [0x00000000d6200000,0x00000000d6200000,0x00000000d6280000)
 ParOldGen       total 101376K, used 76590K [0x0000000080000000, 0x0000000086300000, 0x00000000d5580000)
  object space 101376K, 75% used [0x0000000080000000,0x0000000084acb8a0,0x0000000086300000)
 Metaspace       used 87843K, committed 89472K, reserved 1179648K
  class space    used 9205K, committed 9984K, reserved 1048576K
}

